[21:58:51] [main/INFO]: Environment: authHost='https://authserver.mojang.com', accountsHost='https://api.mojang.com', sessionHost='https://sessionserver.mojang.com', servicesHost='https://api.minecraftservices.com', name='PROD'
[21:58:51] [main/INFO]: Reloading ResourceManager: Default, bukkit
[21:58:52] [Worker-Main-2/INFO]: Loaded 7 recipes
[21:58:53] [Server thread/INFO]: Starting minecraft server version 1.16.5
[21:58:53] [Server thread/INFO]: Loading properties
[21:58:53] [Server thread/INFO]: This server is running Paper version git-Paper-794 (MC: 1.16.5) (Implementing API version 1.16.5-R0.1-SNAPSHOT)
[21:58:53] [Server thread/INFO]: Debug logging is disabled
[21:58:53] [Server thread/INFO]: Server Ping Player Sample Count: 12
[21:58:53] [Server thread/INFO]: Using 4 threads for Netty based IO
[21:58:53] [Server thread/INFO]: Default game type: SURVIVAL
[21:58:53] [Server thread/INFO]: Generating keypair
[21:58:54] [Server thread/INFO]: Starting Minecraft server on *:25565
[21:58:54] [Server thread/INFO]: Using epoll channel type
[21:58:54] [Server thread/INFO]: Server permissions file permissions.yml is empty, ignoring it
[21:58:54] [Server thread/WARN]: **** SERVER IS RUNNING IN OFFLINE/INSECURE MODE!
[21:58:54] [Server thread/WARN]: The server will make no attempt to authenticate usernames. Beware.
[21:58:54] [Server thread/WARN]: While this makes the game possible to play without internet access, it also opens up the ability for hackers to connect with any username they choose.
[21:58:54] [Server thread/WARN]: To change this, set "online-mode" to "true" in the server.properties file.
[21:58:54] [Server thread/INFO]: Preparing level "world"
[21:58:54] [Server thread/INFO]: Preparing start region for dimension minecraft:overworld
[21:58:55] [Server thread/INFO]: Preparing spawn area: 0%
[21:58:55] [Server thread/INFO]: Preparing spawn area: 0%
[21:58:55] [Server thread/INFO]: Preparing spawn area: 3%
[21:58:55] [Server thread/INFO]: Time elapsed: 1031 ms
[21:58:55] [Server thread/INFO]: Preparing start region for dimension minecraft:the_nether
[21:58:56] [Server thread/INFO]: Time elapsed: 82 ms
[21:58:56] [Server thread/INFO]: Preparing start region for dimension minecraft:the_end
[21:58:56] [Server thread/INFO]: Time elapsed: 65 ms
[21:58:56] [Server thread/INFO]: Running delayed init tasks
[21:58:56] [Server thread/INFO]: Done (2.467s)! For help, type "help"
[21:58:56] [Server thread/WARN]: [io.papermc.paper.util.PaperJvmChecker] ************************************************************
[21:58:56] [Server thread/WARN]: [io.papermc.paper.util.PaperJvmChecker] * WARNING - YOU ARE RUNNING AN OUTDATED VERSION OF JAVA.
[21:58:56] [Server thread/WARN]: [io.papermc.paper.util.PaperJvmChecker] * PAPER WILL STOP BEING COMPATIBLE WITH THIS VERSION OF
[21:58:56] [Server thread/WARN]: [io.papermc.paper.util.PaperJvmChecker] * JAVA WHEN MINECRAFT 1.17 IS RELEASED.
[21:58:56] [Server thread/WARN]: [io.papermc.paper.util.PaperJvmChecker] *
[21:58:56] [Server thread/WARN]: [io.papermc.paper.util.PaperJvmChecker] * Please update the version of Java you use to run Paper
[21:58:56] [Server thread/WARN]: [io.papermc.paper.util.PaperJvmChecker] * to at least Java 16. When Paper for Minecraft 1.17 is
[21:58:56] [Server thread/WARN]: [io.papermc.paper.util.PaperJvmChecker] * released support for versions of Java before 16 will
[21:58:56] [Server thread/WARN]: [io.papermc.paper.util.PaperJvmChecker] * be dropped.
[21:58:56] [Server thread/WARN]: [io.papermc.paper.util.PaperJvmChecker] *
[21:58:56] [Server thread/WARN]: [io.papermc.paper.util.PaperJvmChecker] * Current Java version: 11.0.26
[21:58:56] [Server thread/WARN]: [io.papermc.paper.util.PaperJvmChecker] *
[21:58:56] [Server thread/WARN]: [io.papermc.paper.util.PaperJvmChecker] * Check this forum post for more information: 
[21:58:56] [Server thread/WARN]: [io.papermc.paper.util.PaperJvmChecker] *   https://papermc.io/java16
[21:58:56] [Server thread/WARN]: [io.papermc.paper.util.PaperJvmChecker] ************************************************************
[21:58:56] [Server thread/INFO]: Timings Reset
[21:59:20] [User Authenticator #1/INFO]: UUID of player caiedwhip is fa8c7503-09e0-3590-a3a9-96ffaaf9c2b8
[21:59:21] [Server thread/INFO]: caiedwhip joined the game
[21:59:21] [Server thread/INFO]: caiedwhip[/127.197.226.216:46919] logged in with entity id 209 at ([world]808.5558812091048, 70.0, 2536.1219344242595)
[21:59:28] [Server thread/INFO]: caiedwhip issued server command: /plugins
[21:59:41] [Server thread/INFO]: caiedwhip lost connection: Disconnected
[21:59:41] [Server thread/INFO]: caiedwhip left the game
